::1 - - [19/Jun/2019:19:15:20 +0000] "GET /favicon.ico HTTP/1.1" 200 - "http://localhost:3000/" "Mozilla/5.0 (Windows NT 10.0; Win64; x64) AppleWebKit/537.36 (KHTML, like Gecko) Chrome/75.0.3770.100 Safari/537.36"
::1 - - [19/Jun/2019:19:37:10 +0000] "GET /favicon.ico HTTP/1.1" 200 - "https://localhost:3000/" "Mozilla/5.0 (Windows NT 10.0; Win64; x64) AppleWebKit/537.36 (KHTML, like Gecko) Chrome/75.0.3770.100 Safari/537.36"
::1 - - [19/Jun/2019:19:38:21 +0000] "GET /favicon.ico HTTP/1.1" 304 - "http://localhost:3000/" "Mozilla/5.0 (Windows NT 10.0; Win64; x64) AppleWebKit/537.36 (KHTML, like Gecko) Chrome/75.0.3770.100 Safari/537.36"
::1 - - [19/Jun/2019:20:29:04 +0000] "GET /favicon.ico HTTP/1.1" 200 - "http://localhost:3000/" "Mozilla/5.0 (Windows NT 10.0; Win64; x64) AppleWebKit/537.36 (KHTML, like Gecko) Chrome/75.0.3770.100 Safari/537.36"
::1 - - [08/Jul/2019:02:16:22 +0000] "GET /favicon.ico HTTP/1.1" 200 - "http://localhost:3000/" "Mozilla/5.0 (Windows NT 10.0; Win64; x64) AppleWebKit/537.36 (KHTML, like Gecko) Chrome/75.0.3770.100 Safari/537.36"
::1 - - [08/Jul/2019:02:19:37 +0000] "GET /favicon.ico HTTP/1.1" 200 - "http://localhost:3000/" "Mozilla/5.0 (Windows NT 10.0; Win64; x64) AppleWebKit/537.36 (KHTML, like Gecko) Chrome/75.0.3770.100 Safari/537.36"
::1 - - [08/Jul/2019:02:22:56 +0000] "GET /favicon.ico HTTP/1.1" 200 - "http://localhost:3000/" "Mozilla/5.0 (Linux; Android 6.0; Nexus 5 Build/MRA58N) AppleWebKit/537.36 (KHTML, like Gecko) Chrome/75.0.3770.100 Mobile Safari/537.36"
::1 - - [08/Jul/2019:02:23:12 +0000] "GET /favicon.ico HTTP/1.1" 200 - "http://localhost:3000/" "Mozilla/5.0 (Linux; Android 6.0; Nexus 5 Build/MRA58N) AppleWebKit/537.36 (KHTML, like Gecko) Chrome/75.0.3770.100 Mobile Safari/537.36"
::1 - - [08/Jul/2019:02:23:18 +0000] "GET /favicon.ico HTTP/1.1" 200 - "http://localhost:3000/" "Mozilla/5.0 (Linux; Android 6.0; Nexus 5 Build/MRA58N) AppleWebKit/537.36 (KHTML, like Gecko) Chrome/75.0.3770.100 Mobile Safari/537.36"
::1 - - [08/Jul/2019:02:23:35 +0000] "GET /favicon.ico HTTP/1.1" 200 - "http://localhost:3000/" "Mozilla/5.0 (Linux; Android 6.0; Nexus 5 Build/MRA58N) AppleWebKit/537.36 (KHTML, like Gecko) Chrome/75.0.3770.100 Mobile Safari/537.36"
::1 - - [08/Jul/2019:02:24:11 +0000] "GET /favicon.ico HTTP/1.1" 200 - "http://localhost:3000/" "Mozilla/5.0 (Linux; Android 6.0; Nexus 5 Build/MRA58N) AppleWebKit/537.36 (KHTML, like Gecko) Chrome/75.0.3770.100 Mobile Safari/537.36"
::1 - - [08/Jul/2019:02:25:10 +0000] "GET /favicon.ico HTTP/1.1" 200 - "http://localhost:3000/" "Mozilla/5.0 (Windows NT 10.0; Win64; x64) AppleWebKit/537.36 (KHTML, like Gecko) Chrome/75.0.3770.100 Safari/537.36"
::1 - - [08/Jul/2019:02:27:09 +0000] "GET /favicon.ico HTTP/1.1" 200 - "http://localhost:3000/" "Mozilla/5.0 (Windows NT 10.0; Win64; x64) AppleWebKit/537.36 (KHTML, like Gecko) Chrome/75.0.3770.100 Safari/537.36"
::1 - - [08/Jul/2019:02:27:12 +0000] "GET /favicon.ico HTTP/1.1" 200 - "http://localhost:3000/" "Mozilla/5.0 (Windows NT 10.0; Win64; x64) AppleWebKit/537.36 (KHTML, like Gecko) Chrome/75.0.3770.100 Safari/537.36"
::1 - - [08/Jul/2019:02:27:19 +0000] "GET /favicon.ico HTTP/1.1" 304 - "http://localhost:3000/?page=2" "Mozilla/5.0 (Windows NT 10.0; Win64; x64) AppleWebKit/537.36 (KHTML, like Gecko) Chrome/75.0.3770.100 Safari/537.36"
::1 - - [08/Jul/2019:02:27:40 +0000] "GET /favicon.ico HTTP/1.1" 200 - "http://localhost:3000/?page=2" "Mozilla/5.0 (Windows NT 10.0; Win64; x64) AppleWebKit/537.36 (KHTML, like Gecko) Chrome/75.0.3770.100 Safari/537.36"
::1 - - [08/Jul/2019:02:27:50 +0000] "GET /favicon.ico HTTP/1.1" 200 - "http://localhost:3000/?page=2" "Mozilla/5.0 (Windows NT 10.0; Win64; x64) AppleWebKit/537.36 (KHTML, like Gecko) Chrome/75.0.3770.100 Safari/537.36"
::1 - - [08/Jul/2019:02:28:34 +0000] "GET /favicon.ico HTTP/1.1" 304 - "http://localhost:3000/?page=3" "Mozilla/5.0 (Windows NT 10.0; Win64; x64) AppleWebKit/537.36 (KHTML, like Gecko) Chrome/75.0.3770.100 Safari/537.36"
::1 - - [08/Jul/2019:02:28:39 +0000] "GET /favicon.ico HTTP/1.1" 304 - "http://localhost:3000/?page=1" "Mozilla/5.0 (Windows NT 10.0; Win64; x64) AppleWebKit/537.36 (KHTML, like Gecko) Chrome/75.0.3770.100 Safari/537.36"
::1 - - [08/Jul/2019:02:30:29 +0000] "GET /favicon.ico HTTP/1.1" 200 - "http://localhost:3000/?page=1" "Mozilla/5.0 (Windows NT 10.0; Win64; x64) AppleWebKit/537.36 (KHTML, like Gecko) Chrome/75.0.3770.100 Safari/537.36"
::1 - - [08/Jul/2019:02:30:38 +0000] "GET /favicon.ico HTTP/1.1" 304 - "http://localhost:3000/" "Mozilla/5.0 (Windows NT 10.0; Win64; x64) AppleWebKit/537.36 (KHTML, like Gecko) Chrome/75.0.3770.100 Safari/537.36"
::1 - - [08/Jul/2019:02:32:12 +0000] "GET /favicon.ico HTTP/1.1" 200 - "http://localhost:3000/" "Mozilla/5.0 (Windows NT 10.0; Win64; x64) AppleWebKit/537.36 (KHTML, like Gecko) Chrome/75.0.3770.100 Safari/537.36"
::1 - - [08/Jul/2019:02:32:22 +0000] "GET /favicon.ico HTTP/1.1" 304 - "http://localhost:3000/?page=2" "Mozilla/5.0 (Windows NT 10.0; Win64; x64) AppleWebKit/537.36 (KHTML, like Gecko) Chrome/75.0.3770.100 Safari/537.36"
::1 - - [08/Jul/2019:02:32:46 +0000] "GET /favicon.ico HTTP/1.1" 200 - "http://localhost:3000/?page=2" "Mozilla/5.0 (Windows NT 10.0; Win64; x64) AppleWebKit/537.36 (KHTML, like Gecko) Chrome/75.0.3770.100 Safari/537.36"
::1 - - [08/Jul/2019:02:32:50 +0000] "GET /favicon.ico HTTP/1.1" 304 - "http://localhost:3000/?page=1" "Mozilla/5.0 (Windows NT 10.0; Win64; x64) AppleWebKit/537.36 (KHTML, like Gecko) Chrome/75.0.3770.100 Safari/537.36"
::1 - - [08/Jul/2019:02:33:01 +0000] "GET /favicon.ico HTTP/1.1" 304 - "http://localhost:3000/login" "Mozilla/5.0 (Windows NT 10.0; Win64; x64) AppleWebKit/537.36 (KHTML, like Gecko) Chrome/75.0.3770.100 Safari/537.36"
::1 - - [08/Jul/2019:02:33:12 +0000] "GET /favicon.ico HTTP/1.1" 304 - "http://localhost:3000/login" "Mozilla/5.0 (Windows NT 10.0; Win64; x64) AppleWebKit/537.36 (KHTML, like Gecko) Chrome/75.0.3770.100 Safari/537.36"
::1 - - [08/Jul/2019:02:33:30 +0000] "GET /favicon.ico HTTP/1.1" 200 - "http://localhost:3000/" "Mozilla/5.0 (Windows NT 10.0; Win64; x64) AppleWebKit/537.36 (KHTML, like Gecko) Chrome/75.0.3770.100 Safari/537.36"
::1 - - [08/Jul/2019:02:36:26 +0000] "GET /favicon.ico HTTP/1.1" 200 - "http://localhost:3000/products" "Mozilla/5.0 (Windows NT 10.0; Win64; x64) AppleWebKit/537.36 (KHTML, like Gecko) Chrome/75.0.3770.100 Safari/537.36"
::1 - - [08/Jul/2019:02:36:33 +0000] "GET /favicon.ico HTTP/1.1" 200 - "http://localhost:3000/cart" "Mozilla/5.0 (Windows NT 10.0; Win64; x64) AppleWebKit/537.36 (KHTML, like Gecko) Chrome/75.0.3770.100 Safari/537.36"
::1 - - [08/Jul/2019:02:36:48 +0000] "GET /favicon.ico HTTP/1.1" 200 - "http://localhost:3000/admin/products" "Mozilla/5.0 (Windows NT 10.0; Win64; x64) AppleWebKit/537.36 (KHTML, like Gecko) Chrome/75.0.3770.100 Safari/537.36"
